<?xml version="1.0" encoding="UTF-8"?>
<testsuite name="utility.ParkingLotTest" tests="1" skipped="0" failures="0" errors="0" timestamp="2021-03-28T15:41:23" hostname="LAPTOP-GFK8P9AB" time="0.094">
  <properties/>
  <testcase name="testTrueIfTheOwnerIsNotifiedWhenParkingLotIsFull()" classname="utility.ParkingLotTest" time="0.094"/>
  <system-out><![CDATA[]]></system-out>
  <system-err><![CDATA[]]></system-err>
</testsuite>
