<?xml version="1.0" encoding="UTF-8"?>
<testsuite name="utility.ParkingLotTest" tests="1" skipped="0" failures="0" errors="0" timestamp="2021-03-24T15:13:51" hostname="LAPTOP-GFK8P9AB" time="0.128">
  <properties/>
  <testcase name="testThrowsExceptionIfParkingSlotIsNotAvailable()" classname="utility.ParkingLotTest" time="0.128"/>
  <system-out><![CDATA[]]></system-out>
  <system-err><![CDATA[]]></system-err>
</testsuite>
